<?xml version="1.0" encoding="UTF-8"?>
<!-- Generated by org.testng.reporters.JUnitReportReporter -->
<testsuite hostname="DESKTOP-5R0TKK4" name="com.etlhive.selenium.testclass" tests="4" failures="0" timestamp="2 Feb 2020 03:58:58 GMT" time="29.514" errors="0">
  <testcase name="optional" time="8.697" classname="com.etlhive.selenium.testclass"/>
  <testcase name="testing" time="6.619" classname="com.etlhive.selenium.testclass"/>
  <testcase name="required" time="6.366" classname="com.etlhive.selenium.testclass"/>
  <testcase name="selenium" time="7.832" classname="com.etlhive.selenium.testclass"/>
</testsuite> <!-- com.etlhive.selenium.testclass -->
