<?xml version="1.0" encoding="UTF-8"?>
<!-- Generated by org.testng.reporters.JUnitReportReporter -->
<testsuite hostname="DESKTOP-5R0TKK4" name="com.etlhive.selenium.googlehomepage.Phptravels" tests="1" failures="0" timestamp="9 Feb 2020 04:36:32 GMT" time="39.620" errors="0">
  <testcase name="f1" time="39.620" classname="com.etlhive.selenium.googlehomepage.Phptravels"/>
</testsuite> <!-- com.etlhive.selenium.googlehomepage.Phptravels -->
